Performing C++ SOURCE FILE Test COMPILER_SUPPORT_wd981 failed with the following output:
Change Dir: /home/jason.b/Desktop/Github/NICE/cpp/build/eigen/src/eigen-build/CMakeFiles/CMakeTmp

Run Build Command:/usr/bin/make "cmTryCompileExec127396483/fast"
make[3]: Entering directory `/home/jason.b/Desktop/Github/NICE/cpp/build/eigen/src/eigen-build/CMakeFiles/CMakeTmp'
/usr/bin/make -f CMakeFiles/cmTryCompileExec127396483.dir/build.make CMakeFiles/cmTryCompileExec127396483.dir/build
make[4]: Entering directory `/home/jason.b/Desktop/Github/NICE/cpp/build/eigen/src/eigen-build/CMakeFiles/CMakeTmp'
/usr/bin/cmake -E cmake_progress_report /home/jason.b/Desktop/Github/NICE/cpp/build/eigen/src/eigen-build/CMakeFiles/CMakeTmp/CMakeFiles 1
Building CXX object CMakeFiles/cmTryCompileExec127396483.dir/src.cxx.o
/usr/bin/c++    -fexceptions -pedantic -Wall -Wextra -Wundef -Wcast-align -Wchar-subscripts -Wnon-virtual-dtor -Wunused-local-typedefs -Wpointer-arith -Wwrite-strings -Wformat-security -Wno-psabi -Wno-variadic-macros -Wno-long-long -fno-check-new -fno-common -fstrict-aliasing -DCOMPILER_SUPPORT_wd981 -Werror   -wd981 -o CMakeFiles/cmTryCompileExec127396483.dir/src.cxx.o -c /home/jason.b/Desktop/Github/NICE/cpp/build/eigen/src/eigen-build/CMakeFiles/CMakeTmp/src.cxx
c++: error: unrecognized command line option '-wd981'
make[4]: *** [CMakeFiles/cmTryCompileExec127396483.dir/src.cxx.o] Error 1
make[4]: Leaving directory `/home/jason.b/Desktop/Github/NICE/cpp/build/eigen/src/eigen-build/CMakeFiles/CMakeTmp'
make[3]: *** [cmTryCompileExec127396483/fast] Error 2
make[3]: Leaving directory `/home/jason.b/Desktop/Github/NICE/cpp/build/eigen/src/eigen-build/CMakeFiles/CMakeTmp'

Source file was:
int main() { return 0;}
Performing C++ SOURCE FILE Test COMPILER_SUPPORT_wd2304 failed with the following output:
Change Dir: /home/jason.b/Desktop/Github/NICE/cpp/build/eigen/src/eigen-build/CMakeFiles/CMakeTmp

Run Build Command:/usr/bin/make "cmTryCompileExec1367110938/fast"
make[3]: Entering directory `/home/jason.b/Desktop/Github/NICE/cpp/build/eigen/src/eigen-build/CMakeFiles/CMakeTmp'
/usr/bin/make -f CMakeFiles/cmTryCompileExec1367110938.dir/build.make CMakeFiles/cmTryCompileExec1367110938.dir/build
make[4]: Entering directory `/home/jason.b/Desktop/Github/NICE/cpp/build/eigen/src/eigen-build/CMakeFiles/CMakeTmp'
/usr/bin/cmake -E cmake_progress_report /home/jason.b/Desktop/Github/NICE/cpp/build/eigen/src/eigen-build/CMakeFiles/CMakeTmp/CMakeFiles 1
Building CXX object CMakeFiles/cmTryCompileExec1367110938.dir/src.cxx.o
/usr/bin/c++    -fexceptions -pedantic -Wall -Wextra -Wundef -Wcast-align -Wchar-subscripts -Wnon-virtual-dtor -Wunused-local-typedefs -Wpointer-arith -Wwrite-strings -Wformat-security -Wno-psabi -Wno-variadic-macros -Wno-long-long -fno-check-new -fno-common -fstrict-aliasing -DCOMPILER_SUPPORT_wd2304 -Werror   -wd2304 -o CMakeFiles/cmTryCompileExec1367110938.dir/src.cxx.o -c /home/jason.b/Desktop/Github/NICE/cpp/build/eigen/src/eigen-build/CMakeFiles/CMakeTmp/src.cxx
c++: error: unrecognized command line option '-wd2304'
make[4]: *** [CMakeFiles/cmTryCompileExec1367110938.dir/src.cxx.o] Error 1
make[4]: Leaving directory `/home/jason.b/Desktop/Github/NICE/cpp/build/eigen/src/eigen-build/CMakeFiles/CMakeTmp'
make[3]: Leaving directory `/home/jason.b/Desktop/Github/NICE/cpp/build/eigen/src/eigen-build/CMakeFiles/CMakeTmp'
make[3]: *** [cmTryCompileExec1367110938/fast] Error 2

Source file was:
int main() { return 0;}
Performing C++ SOURCE FILE Test COMPILER_SUPPORT_STRICTANSI failed with the following output:
Change Dir: /home/jason.b/Desktop/Github/NICE/cpp/build/eigen/src/eigen-build/CMakeFiles/CMakeTmp

Run Build Command:/usr/bin/make "cmTryCompileExec1685911631/fast"
make[3]: Entering directory `/home/jason.b/Desktop/Github/NICE/cpp/build/eigen/src/eigen-build/CMakeFiles/CMakeTmp'
/usr/bin/make -f CMakeFiles/cmTryCompileExec1685911631.dir/build.make CMakeFiles/cmTryCompileExec1685911631.dir/build
make[4]: Entering directory `/home/jason.b/Desktop/Github/NICE/cpp/build/eigen/src/eigen-build/CMakeFiles/CMakeTmp'
/usr/bin/cmake -E cmake_progress_report /home/jason.b/Desktop/Github/NICE/cpp/build/eigen/src/eigen-build/CMakeFiles/CMakeTmp/CMakeFiles 1
Building CXX object CMakeFiles/cmTryCompileExec1685911631.dir/src.cxx.o
/usr/bin/c++    -fexceptions -pedantic -Wall -Wextra -Wundef -Wcast-align -Wchar-subscripts -Wnon-virtual-dtor -Wunused-local-typedefs -Wpointer-arith -Wwrite-strings -Wformat-security -Wno-psabi -Wno-variadic-macros -Wno-long-long -fno-check-new -fno-common -fstrict-aliasing -DCOMPILER_SUPPORT_STRICTANSI -Werror   -strict-ansi -o CMakeFiles/cmTryCompileExec1685911631.dir/src.cxx.o -c /home/jason.b/Desktop/Github/NICE/cpp/build/eigen/src/eigen-build/CMakeFiles/CMakeTmp/src.cxx
c++: error: unrecognized command line option '-strict-ansi'
make[4]: *** [CMakeFiles/cmTryCompileExec1685911631.dir/src.cxx.o] Error 1
make[4]: Leaving directory `/home/jason.b/Desktop/Github/NICE/cpp/build/eigen/src/eigen-build/CMakeFiles/CMakeTmp'
make[3]: Leaving directory `/home/jason.b/Desktop/Github/NICE/cpp/build/eigen/src/eigen-build/CMakeFiles/CMakeTmp'
make[3]: *** [cmTryCompileExec1685911631/fast] Error 2

Source file was:
int main() { return 0;}
Performing C++ SOURCE FILE Test COMPILER_SUPPORT_Qunusedarguments failed with the following output:
Change Dir: /home/jason.b/Desktop/Github/NICE/cpp/build/eigen/src/eigen-build/CMakeFiles/CMakeTmp

Run Build Command:/usr/bin/make "cmTryCompileExec2923364545/fast"
make[3]: Entering directory `/home/jason.b/Desktop/Github/NICE/cpp/build/eigen/src/eigen-build/CMakeFiles/CMakeTmp'
/usr/bin/make -f CMakeFiles/cmTryCompileExec2923364545.dir/build.make CMakeFiles/cmTryCompileExec2923364545.dir/build
make[4]: Entering directory `/home/jason.b/Desktop/Github/NICE/cpp/build/eigen/src/eigen-build/CMakeFiles/CMakeTmp'
/usr/bin/cmake -E cmake_progress_report /home/jason.b/Desktop/Github/NICE/cpp/build/eigen/src/eigen-build/CMakeFiles/CMakeTmp/CMakeFiles 1
Building CXX object CMakeFiles/cmTryCompileExec2923364545.dir/src.cxx.o
/usr/bin/c++    -fexceptions -pedantic -Wall -Wextra -Wundef -Wcast-align -Wchar-subscripts -Wnon-virtual-dtor -Wunused-local-typedefs -Wpointer-arith -Wwrite-strings -Wformat-security -Wno-psabi -Wno-variadic-macros -Wno-long-long -fno-check-new -fno-common -fstrict-aliasing -DCOMPILER_SUPPORT_Qunusedarguments -Werror   -Qunused-arguments -o CMakeFiles/cmTryCompileExec2923364545.dir/src.cxx.o -c /home/jason.b/Desktop/Github/NICE/cpp/build/eigen/src/eigen-build/CMakeFiles/CMakeTmp/src.cxx
c++: error: unrecognized command line option '-Qunused-arguments'
make[4]: *** [CMakeFiles/cmTryCompileExec2923364545.dir/src.cxx.o] Error 1
make[4]: Leaving directory `/home/jason.b/Desktop/Github/NICE/cpp/build/eigen/src/eigen-build/CMakeFiles/CMakeTmp'
make[3]: Leaving directory `/home/jason.b/Desktop/Github/NICE/cpp/build/eigen/src/eigen-build/CMakeFiles/CMakeTmp'
make[3]: *** [cmTryCompileExec2923364545/fast] Error 2

Source file was:
int main() { return 0;}
Compiling the Fortran compiler identification source file "CMakeFortranCompilerId.F" failed.
Compiler: CMAKE_Fortran_COMPILER-NOTFOUND 
Build flags: 
Id flags: 

The output was:
No such file or directory


Compiling the Fortran compiler identification source file "CMakeFortranCompilerId.F" failed.
Compiler: CMAKE_Fortran_COMPILER-NOTFOUND 
Build flags: 
Id flags: -c

The output was:
No such file or directory


Compiling the Fortran compiler identification source file "CMakeFortranCompilerId.F" failed.
Compiler: CMAKE_Fortran_COMPILER-NOTFOUND 
Build flags: 
Id flags: -fpp

The output was:
No such file or directory


Checking whether the Fortran compiler is Compaq using "-what" did not match "Compaq Visual Fortran":
Checking whether the Fortran compiler is NAG using "-V" did not match "NAG Fortran Compiler":
