Determining if the pthread_create exist failed with the following output:
Change Dir: /home/jason.b/Desktop/Github/NICE/cpp/build/gtest/src/googletest-build/CMakeFiles/CMakeTmp

Run Build Command:/usr/bin/make "cmTryCompileExec2523405963/fast"
make[3]: Entering directory `/home/jason.b/Desktop/Github/NICE/cpp/build/gtest/src/googletest-build/CMakeFiles/CMakeTmp'
/usr/bin/make -f CMakeFiles/cmTryCompileExec2523405963.dir/build.make CMakeFiles/cmTryCompileExec2523405963.dir/build
make[4]: Entering directory `/home/jason.b/Desktop/Github/NICE/cpp/build/gtest/src/googletest-build/CMakeFiles/CMakeTmp'
/usr/bin/cmake -E cmake_progress_report /home/jason.b/Desktop/Github/NICE/cpp/build/gtest/src/googletest-build/CMakeFiles/CMakeTmp/CMakeFiles 1
Building C object CMakeFiles/cmTryCompileExec2523405963.dir/CheckSymbolExists.c.o
/usr/bin/cc    -o CMakeFiles/cmTryCompileExec2523405963.dir/CheckSymbolExists.c.o   -c /home/jason.b/Desktop/Github/NICE/cpp/build/gtest/src/googletest-build/CMakeFiles/CMakeTmp/CheckSymbolExists.c
Linking C executable cmTryCompileExec2523405963
/usr/bin/cmake -E cmake_link_script CMakeFiles/cmTryCompileExec2523405963.dir/link.txt --verbose=1
/usr/bin/cc       CMakeFiles/cmTryCompileExec2523405963.dir/CheckSymbolExists.c.o  -o cmTryCompileExec2523405963 -rdynamic 
CMakeFiles/cmTryCompileExec2523405963.dir/CheckSymbolExists.c.o: In function `main':
CheckSymbolExists.c:(.text+0x16): undefined reference to `pthread_create'
collect2: error: ld returned 1 exit status
make[4]: *** [cmTryCompileExec2523405963] Error 1
make[4]: Leaving directory `/home/jason.b/Desktop/Github/NICE/cpp/build/gtest/src/googletest-build/CMakeFiles/CMakeTmp'
make[3]: *** [cmTryCompileExec2523405963/fast] Error 2
make[3]: Leaving directory `/home/jason.b/Desktop/Github/NICE/cpp/build/gtest/src/googletest-build/CMakeFiles/CMakeTmp'

File /home/jason.b/Desktop/Github/NICE/cpp/build/gtest/src/googletest-build/CMakeFiles/CMakeTmp/CheckSymbolExists.c:
/* */
#include <pthread.h>

int main(int argc, char** argv)
{
  (void)argv;
#ifndef pthread_create
  return ((int*)(&pthread_create))[argc];
#else
  (void)argc;
  return 0;
#endif
}

Determining if the function pthread_create exists in the pthreads failed with the following output:
Change Dir: /home/jason.b/Desktop/Github/NICE/cpp/build/gtest/src/googletest-build/CMakeFiles/CMakeTmp

Run Build Command:/usr/bin/make "cmTryCompileExec1974174014/fast"
make[3]: Entering directory `/home/jason.b/Desktop/Github/NICE/cpp/build/gtest/src/googletest-build/CMakeFiles/CMakeTmp'
/usr/bin/make -f CMakeFiles/cmTryCompileExec1974174014.dir/build.make CMakeFiles/cmTryCompileExec1974174014.dir/build
make[4]: Entering directory `/home/jason.b/Desktop/Github/NICE/cpp/build/gtest/src/googletest-build/CMakeFiles/CMakeTmp'
/usr/bin/cmake -E cmake_progress_report /home/jason.b/Desktop/Github/NICE/cpp/build/gtest/src/googletest-build/CMakeFiles/CMakeTmp/CMakeFiles 1
Building C object CMakeFiles/cmTryCompileExec1974174014.dir/CheckFunctionExists.c.o
/usr/bin/cc   -DCHECK_FUNCTION_EXISTS=pthread_create   -o CMakeFiles/cmTryCompileExec1974174014.dir/CheckFunctionExists.c.o   -c /usr/share/cmake-2.8/Modules/CheckFunctionExists.c
Linking C executable cmTryCompileExec1974174014
/usr/bin/cmake -E cmake_link_script CMakeFiles/cmTryCompileExec1974174014.dir/link.txt --verbose=1
/usr/bin/cc   -DCHECK_FUNCTION_EXISTS=pthread_create    CMakeFiles/cmTryCompileExec1974174014.dir/CheckFunctionExists.c.o  -o cmTryCompileExec1974174014 -rdynamic -lpthreads 
/usr/bin/ld: cannot find -lpthreads
collect2: error: ld returned 1 exit status
make[4]: *** [cmTryCompileExec1974174014] Error 1
make[4]: Leaving directory `/home/jason.b/Desktop/Github/NICE/cpp/build/gtest/src/googletest-build/CMakeFiles/CMakeTmp'
make[3]: Leaving directory `/home/jason.b/Desktop/Github/NICE/cpp/build/gtest/src/googletest-build/CMakeFiles/CMakeTmp'
make[3]: *** [cmTryCompileExec1974174014/fast] Error 2


